18:40:57 **** Incremental Build of configuration Debug for project DIO_Driver ****
make all 
Building file: ../MCAL/DIO/DIO_Program.c
Invoking: AVR Compiler
avr-gcc -Wall -g2 -gstabs -O0 -fpack-struct -fshort-enums -ffunction-sections -fdata-sections -std=gnu99 -funsigned-char -funsigned-bitfields -mmcu=atmega16 -DF_CPU=8000000UL -MMD -MP -MF"MCAL/DIO/DIO_Program.d" -MT"MCAL/DIO/DIO_Program.o" -c -o "MCAL/DIO/DIO_Program.o" "../MCAL/DIO/DIO_Program.c"
Finished building: ../MCAL/DIO/DIO_Program.c
 
Building file: ../APP/main.c
Invoking: AVR Compiler
avr-gcc -Wall -g2 -gstabs -O0 -fpack-struct -fshort-enums -ffunction-sections -fdata-sections -std=gnu99 -funsigned-char -funsigned-bitfields -mmcu=atmega16 -DF_CPU=8000000UL -MMD -MP -MF"APP/main.d" -MT"APP/main.o" -c -o "APP/main.o" "../APP/main.c"
In file included from ../APP/main.c:7:
../APP/../MCAL/DIO/DIO_Interface.h:9: error: expected ')' before 'A_u8PortNumber'
../APP/../MCAL/DIO/DIO_Interface.h:12: error: expected ')' before 'A_u8PortNumber'
../APP/../MCAL/DIO/DIO_Interface.h:14: error: expected ')' before 'A_u8PortNumber'
../APP/../MCAL/DIO/DIO_Interface.h:16: error: expected ')' before 'A_u8PortNumber'
../APP/../MCAL/DIO/DIO_Interface.h:18: error: expected '=', ',', ';', 'asm' or '__attribute__' before 'MDIO_u8GetPinValue'
../APP/main.c: In function 'main':
../APP/main.c:28: warning: implicit declaration of function 'MDIO_voidSetPortDirection'
../APP/main.c:33: warning: implicit declaration of function 'MDIO_voidSetPortValue'
make: *** [APP/main.o] Error 1

18:40:57 Build Finished (took 547ms)

