14:17:31 **** Incremental Build of configuration Debug for project GarageDoorOpener2 ****
make all 
Building file: ../APP/main.c
Invoking: AVR Compiler
avr-gcc -Wall -g2 -gstabs -O0 -fpack-struct -fshort-enums -ffunction-sections -fdata-sections -std=gnu99 -funsigned-char -funsigned-bitfields -mmcu=atmega32 -DF_CPU=8000000UL -MMD -MP -MF"APP/main.d" -MT"APP/main.o" -c -o "APP/main.o" "../APP/main.c"
Finished building: ../APP/main.c
 
Building target: GarageDoorOpener2.elf
Invoking: AVR C Linker
avr-gcc -Wl,-Map,GarageDoorOpener2.map -mmcu=atmega32 -o "GarageDoorOpener2.elf"  ./MCAL/TIMER/TIMER_Program.o  ./MCAL/GIE/GIE_Program.o  ./MCAL/EXTI/EXTI_Program.o  ./MCAL/DIO/DIO_Program.o  ./HAL/ULTRASONIC/ultrasonic.o  ./HAL/Servo/servo.o  ./HAL/LCD/LCD_Program.o  ./APP/main.o   
Finished building target: GarageDoorOpener2.elf
 
Invoking: AVR Create Extended Listing
avr-objdump -h -S GarageDoorOpener2.elf  >"GarageDoorOpener2.lss"
Finished building: GarageDoorOpener2.lss
 
Create Flash image (ihex format)
avr-objcopy -R .eeprom -R .fuse -R .lock -R .signature -O ihex GarageDoorOpener2.elf  "GarageDoorOpener2.hex"
Finished building: GarageDoorOpener2.hex
 
Invoking: Print Size
avr-size --format=avr --mcu=atmega32 GarageDoorOpener2.elf
AVR Memory Usage
----------------
Device: atmega32

Program:   12494 bytes (38.1% Full)
(.text + .data + .bootloader)

Data:         34 bytes (1.7% Full)
(.data + .bss + .noinit)


Finished building: sizedummy
 

14:17:32 Build Finished (took 591ms)

